0 info it worked if it ends with ok
1 verbose cli [ '/usr/bin/nodejs',
1 verbose cli   '/usr/bin/npm',
1 verbose cli   'install',
1 verbose cli   '-',
1 verbose cli   'g',
1 verbose cli   'create-react-app' ]
2 info using npm@3.5.2
3 info using node@v4.2.6
4 silly loadCurrentTree Starting
5 silly install loadCurrentTree
6 silly install readLocalPackageData
7 silly fetchPackageMetaData -
8 silly fetchPackageMetaData g
9 silly fetchPackageMetaData create-react-app
10 silly fetchOtherPackageData -
11 silly cache add args [ '-', null ]
12 verbose cache add spec -
13 silly fetchNamedPackageData g
14 silly mapToRegistry name g
15 silly mapToRegistry using default registry
16 silly mapToRegistry registry https://registry.npmjs.org/
17 silly mapToRegistry uri https://registry.npmjs.org/g
18 silly fetchNamedPackageData create-react-app
19 silly mapToRegistry name create-react-app
20 silly mapToRegistry using default registry
21 silly mapToRegistry registry https://registry.npmjs.org/
22 silly mapToRegistry uri https://registry.npmjs.org/create-react-app
23 silly cache add parsed spec Result {
23 silly cache add   raw: '-',
23 silly cache add   scope: null,
23 silly cache add   name: null,
23 silly cache add   rawSpec: '-',
23 silly cache add   spec: '/home/shaked/Desktop/Projects/Salvo/-',
23 silly cache add   type: 'local' }
24 verbose request uri https://registry.npmjs.org/g
25 verbose request no auth needed
26 info attempt registry request try #1 at 11:56:38 AM
27 verbose request id 5c3927b736ea6e60
28 http request GET https://registry.npmjs.org/g
29 verbose request uri https://registry.npmjs.org/create-react-app
30 verbose request no auth needed
31 info attempt registry request try #1 at 11:56:38 AM
32 http request GET https://registry.npmjs.org/create-react-app
33 error addLocal Could not install /home/shaked/Desktop/Projects/Salvo/-
34 silly fetchPackageMetaData Error: ENOENT: no such file or directory, open '/home/shaked/Desktop/Projects/Salvo/-'
34 silly fetchPackageMetaData     at Error (native)
34 silly fetchPackageMetaData  error for - { [Error: ENOENT: no such file or directory, open '/home/shaked/Desktop/Projects/Salvo/-']
34 silly fetchPackageMetaData   errno: -2,
34 silly fetchPackageMetaData   code: 'ENOENT',
34 silly fetchPackageMetaData   syscall: 'open',
34 silly fetchPackageMetaData   path: '/home/shaked/Desktop/Projects/Salvo/-' }
35 http 200 https://registry.npmjs.org/create-react-app
36 verbose headers { 'content-type': 'application/json; charset=UTF-8',
36 verbose headers   server: 'UploadServer',
36 verbose headers   'cache-control': 'max-age=300',
36 verbose headers   'last-modified': 'Tue, 20 Feb 2018 21:35:03 GMT',
36 verbose headers   etag: '"5a8c9487-1104e"',
36 verbose headers   'x-npm-region': 'EU-East',
36 verbose headers   'content-encoding': 'gzip',
36 verbose headers   'content-length': '7638',
36 verbose headers   'accept-ranges': 'bytes',
36 verbose headers   date: 'Wed, 21 Feb 2018 10:56:39 GMT',
36 verbose headers   via: '1.1 varnish',
36 verbose headers   age: '3246',
36 verbose headers   connection: 'keep-alive',
36 verbose headers   'x-served-by': 'cache-hhn1543-HHN',
36 verbose headers   'x-cache': 'HIT',
36 verbose headers   'x-cache-hits': '1',
36 verbose headers   'x-timer': 'S1519210599.367143,VS0,VE1',
36 verbose headers   vary: 'Accept-Encoding, Accept' }
37 silly get cb [ 200,
37 silly get   { 'content-type': 'application/json; charset=UTF-8',
37 silly get     server: 'UploadServer',
37 silly get     'cache-control': 'max-age=300',
37 silly get     'last-modified': 'Tue, 20 Feb 2018 21:35:03 GMT',
37 silly get     etag: '"5a8c9487-1104e"',
37 silly get     'x-npm-region': 'EU-East',
37 silly get     'content-encoding': 'gzip',
37 silly get     'content-length': '7638',
37 silly get     'accept-ranges': 'bytes',
37 silly get     date: 'Wed, 21 Feb 2018 10:56:39 GMT',
37 silly get     via: '1.1 varnish',
37 silly get     age: '3246',
37 silly get     connection: 'keep-alive',
37 silly get     'x-served-by': 'cache-hhn1543-HHN',
37 silly get     'x-cache': 'HIT',
37 silly get     'x-cache-hits': '1',
37 silly get     'x-timer': 'S1519210599.367143,VS0,VE1',
37 silly get     vary: 'Accept-Encoding, Accept' } ]
38 verbose get saving create-react-app to /home/shaked/.npm/registry.npmjs.org/create-react-app/.cache.json
39 verbose makeDirectory /home/shaked/.npm creation not in flight; initializing
40 silly makeDirectory /home/shaked/.npm uid: 1000 gid: 1000
41 http 200 https://registry.npmjs.org/g
42 verbose headers { 'content-type': 'application/json; charset=UTF-8',
42 verbose headers   server: 'UploadServer',
42 verbose headers   'cache-control': 'max-age=300',
42 verbose headers   'last-modified': 'Sat, 14 May 2016 3:19:21 GMT',
42 verbose headers   etag: '"57369939-205b"',
42 verbose headers   'x-npm-region': 'EU-East',
42 verbose headers   'content-encoding': 'gzip',
42 verbose headers   'content-length': '1712',
42 verbose headers   'accept-ranges': 'bytes',
42 verbose headers   date: 'Wed, 21 Feb 2018 10:56:39 GMT',
42 verbose headers   via: '1.1 varnish',
42 verbose headers   age: '0',
42 verbose headers   connection: 'keep-alive',
42 verbose headers   'x-served-by': 'cache-hhn1524-HHN',
42 verbose headers   'x-cache': 'MISS',
42 verbose headers   'x-cache-hits': '0',
42 verbose headers   'x-timer': 'S1519210599.366746,VS0,VE112',
42 verbose headers   vary: 'Accept-Encoding, Accept' }
43 silly get cb [ 200,
43 silly get   { 'content-type': 'application/json; charset=UTF-8',
43 silly get     server: 'UploadServer',
43 silly get     'cache-control': 'max-age=300',
43 silly get     'last-modified': 'Sat, 14 May 2016 3:19:21 GMT',
43 silly get     etag: '"57369939-205b"',
43 silly get     'x-npm-region': 'EU-East',
43 silly get     'content-encoding': 'gzip',
43 silly get     'content-length': '1712',
43 silly get     'accept-ranges': 'bytes',
43 silly get     date: 'Wed, 21 Feb 2018 10:56:39 GMT',
43 silly get     via: '1.1 varnish',
43 silly get     age: '0',
43 silly get     connection: 'keep-alive',
43 silly get     'x-served-by': 'cache-hhn1524-HHN',
43 silly get     'x-cache': 'MISS',
43 silly get     'x-cache-hits': '0',
43 silly get     'x-timer': 'S1519210599.366746,VS0,VE112',
43 silly get     vary: 'Accept-Encoding, Accept' } ]
44 verbose get saving g to /home/shaked/.npm/registry.npmjs.org/g/.cache.json
45 silly rollbackFailedOptional Starting
46 silly rollbackFailedOptional Finishing
47 silly runTopLevelLifecycles Starting
48 silly runTopLevelLifecycles Finishing
49 silly install printInstalled
50 verbose stack Error: ENOENT: no such file or directory, open '/home/shaked/Desktop/Projects/Salvo/-'
50 verbose stack     at Error (native)
51 verbose cwd /home/shaked/Desktop/Projects/Salvo
52 error Linux 4.8.0-53-generic
53 error argv "/usr/bin/nodejs" "/usr/bin/npm" "install" "-" "g" "create-react-app"
54 error node v4.2.6
55 error npm  v3.5.2
56 error path /home/shaked/Desktop/Projects/Salvo/-
57 error code ENOENT
58 error errno -2
59 error syscall open
60 error enoent ENOENT: no such file or directory, open '/home/shaked/Desktop/Projects/Salvo/-'
61 error enoent ENOENT: no such file or directory, open '/home/shaked/Desktop/Projects/Salvo/-'
61 error enoent This is most likely not a problem with npm itself
61 error enoent and is related to npm not being able to find a file.
62 verbose exit [ -2, true ]
